#
# There is insufficient memory for the Java Runtime Environment to continue.
# Native memory allocation (malloc) failed to allocate 3023520 bytes. Error detail: Chunk::new
# Possible reasons:
#   The system is out of physical RAM or swap space
#   This process is running with CompressedOops enabled, and the Java Heap may be blocking the growth of the native heap
# Possible solutions:
#   Reduce memory load on the system
#   Increase physical memory or swap space
#   Check if swap backing store is full
#   Decrease Java heap size (-Xmx/-Xms)
#   Decrease number of Java threads
#   Decrease Java thread stack sizes (-Xss)
#   Set larger code cache with -XX:ReservedCodeCacheSize=
#   JVM is running with Unscaled Compressed Oops mode in which the Java heap is
#     placed in the first 4GB address space. The Java Heap base address is the
#     maximum limit for the native heap growth. Please use -XX:HeapBaseMinAddress
#     to set the Java Heap base and to place the Java Heap above 4GB virtual address.
# This output file may be truncated or incomplete.
#
#  Out of Memory Error (arena.cpp:150), pid=7700, tid=21952
#
# JRE version: OpenJDK Runtime Environment (22.0.2+9) (build 22.0.2+9-70)
# Java VM: OpenJDK 64-Bit Server VM (22.0.2+9-70, mixed mode, sharing, tiered, compressed oops, compressed class ptrs, g1 gc, windows-amd64)
# No core dump will be written. Minidumps are not enabled by default on client versions of Windows
#

---------------  S U M M A R Y ------------

Command Line: -agentlib:jdwp=transport=dt_socket,address=127.0.0.1:59232,suspend=y,server=n -javaagent:C:\Users\SHEKHA~1\AppData\Local\Temp\captureAgent7jars\debugger-agent.jar -Dfile.encoding=UTF-8 -Dsun.stdout.encoding=UTF-8 -Dsun.stderr.encoding=UTF-8 com.JWTMYSQL.demo.DemoApplication

Host: Intel(R) Core(TM) i5-5200U CPU @ 2.20GHz, 4 cores, 7G,  Windows 10 , 64 bit Build 19041 (10.0.19041.4597)
Time: Wed Aug  7 15:30:58 2024 Pakistan Standard Time elapsed time: 28.362309 seconds (0d 0h 0m 28s)

---------------  T H R E A D  ---------------

Current thread (0x000001edc072b6f0):  JavaThread "C2 CompilerThread0" daemon [_thread_in_native, id=21952, stack(0x000000e1dc000000,0x000000e1dc100000) (1024K)]


Current CompileTask:
C2:28362 5830       4       java.lang.invoke.MethodType::makeImpl (109 bytes)

Stack: [0x000000e1dc000000,0x000000e1dc100000]
Native frames: (J=compiled Java code, j=interpreted, Vv=VM code, C=native code)
V  [jvm.dll+0x6e26e9]  (no source info available)
V  [jvm.dll+0x875753]  (no source info available)
V  [jvm.dll+0x877b7e]  (no source info available)
V  [jvm.dll+0x878253]  (no source info available)
V  [jvm.dll+0x27fc86]  (no source info available)
V  [jvm.dll+0xc3d0f]  (no source info available)
V  [jvm.dll+0xc3f6b]  (no source info available)
V  [jvm.dll+0x3bb47c]  (no source info available)
V  [jvm.dll+0x1df6ae]  (no source info available)
V  [jvm.dll+0x24793c]  (no source info available)
V  [jvm.dll+0x246e9f]  (no source info available)
V  [jvm.dll+0x1c4e80]  (no source info available)
V  [jvm.dll+0x2568f3]  (no source info available)
V  [jvm.dll+0x254baa]  (no source info available)
V  [jvm.dll+0x3f57a6]  (no source info available)
V  [jvm.dll+0x81dc0b]  (no source info available)
V  [jvm.dll+0x6e0d85]  (no source info available)
C  [ucrtbase.dll+0x21bb2]  (no source info available)
C  [KERNEL32.DLL+0x17374]  (no source info available)
C  [ntdll.dll+0x4cc91]  (no source info available)


---------------  P R O C E S S  ---------------

Threads class SMR info:
_java_thread_list=0x000001ee0753fb80, length=31, elements={
0x000001edc07147e0, 0x000001edc0716510, 0x000001edc0717650, 0x000001edc071d430,
0x000001edc071de90, 0x000001edc0728950, 0x000001edc072b6f0, 0x000001edc072f6a0,
0x000001edc097d500, 0x000001edc0b0f1e0, 0x000001edc0b1a490, 0x000001edc0b1ab20,
0x000001edc097e8b0, 0x000001edc097f5d0, 0x000001edc097e220, 0x000001edc097c150,
0x000001edc097c7e0, 0x000001edc097ce70, 0x000001ee07aa57c0, 0x000001ee07aa5e50,
0x000001ee07aa64e0, 0x000001ee07aa36f0, 0x000001ee07aa5130, 0x000001ee07aa4aa0,
0x000001ee07aa4410, 0x000001ee07aa3d80, 0x000001edc097db90, 0x000001edc097ef40,
0x000001ee094aeec0, 0x000001ee094aa000, 0x000001ee094aa690
}

Java Threads: ( => current thread )
  0x000001edc07147e0 JavaThread "Reference Handler"          daemon [_thread_blocked, id=24428, stack(0x000000e1dba00000,0x000000e1dbb00000) (1024K)]
  0x000001edc0716510 JavaThread "Finalizer"                  daemon [_thread_blocked, id=20668, stack(0x000000e1dbb00000,0x000000e1dbc00000) (1024K)]
  0x000001edc0717650 JavaThread "Signal Dispatcher"          daemon [_thread_blocked, id=16184, stack(0x000000e1dbc00000,0x000000e1dbd00000) (1024K)]
  0x000001edc071d430 JavaThread "Attach Listener"            daemon [_thread_blocked, id=16788, stack(0x000000e1dbd00000,0x000000e1dbe00000) (1024K)]
  0x000001edc071de90 JavaThread "Service Thread"             daemon [_thread_blocked, id=9768, stack(0x000000e1dbe00000,0x000000e1dbf00000) (1024K)]
  0x000001edc0728950 JavaThread "Monitor Deflation Thread"   daemon [_thread_blocked, id=24232, stack(0x000000e1dbf00000,0x000000e1dc000000) (1024K)]
=>0x000001edc072b6f0 JavaThread "C2 CompilerThread0"         daemon [_thread_in_native, id=21952, stack(0x000000e1dc000000,0x000000e1dc100000) (1024K)]
  0x000001edc072f6a0 JavaThread "C1 CompilerThread0"         daemon [_thread_blocked, id=19952, stack(0x000000e1dc100000,0x000000e1dc200000) (1024K)]
  0x000001edc097d500 JavaThread "Common-Cleaner"             daemon [_thread_blocked, id=7740, stack(0x000000e1dc200000,0x000000e1dc300000) (1024K)]
  0x000001edc0b0f1e0 JavaThread "JDWP Transport Listener: dt_socket" daemon [_thread_blocked, id=24100, stack(0x000000e1dc300000,0x000000e1dc400000) (1024K)]
  0x000001edc0b1a490 JavaThread "JDWP Event Helper Thread"   daemon [_thread_blocked, id=4396, stack(0x000000e1dc400000,0x000000e1dc500000) (1024K)]
  0x000001edc0b1ab20 JavaThread "JDWP Command Reader"        daemon [_thread_in_native, id=1376, stack(0x000000e1dc500000,0x000000e1dc600000) (1024K)]
  0x000001edc097e8b0 JavaThread "Notification Thread"        daemon [_thread_blocked, id=22072, stack(0x000000e1dc600000,0x000000e1dc700000) (1024K)]
  0x000001edc097f5d0 JavaThread "Catalina-utility-1"                [_thread_blocked, id=3180, stack(0x000000e1dca00000,0x000000e1dcb00000) (1024K)]
  0x000001edc097e220 JavaThread "Catalina-utility-2"                [_thread_blocked, id=10832, stack(0x000000e1dcb00000,0x000000e1dcc00000) (1024K)]
  0x000001edc097c150 JavaThread "container-0"                       [_thread_blocked, id=7964, stack(0x000000e1dcc00000,0x000000e1dcd00000) (1024K)]
  0x000001edc097c7e0 JavaThread "mysql-cj-abandoned-connection-cleanup" daemon [_thread_blocked, id=3004, stack(0x000000e1dcd00000,0x000000e1dce00000) (1024K)]
  0x000001edc097ce70 JavaThread "HikariPool-1 housekeeper"   daemon [_thread_blocked, id=12920, stack(0x000000e1dcf00000,0x000000e1dd000000) (1024K)]
  0x000001ee07aa57c0 JavaThread "http-nio-5050-exec-1"       daemon [_thread_blocked, id=19548, stack(0x000000e1dd000000,0x000000e1dd100000) (1024K)]
  0x000001ee07aa5e50 JavaThread "http-nio-5050-exec-2"       daemon [_thread_blocked, id=10124, stack(0x000000e1dd100000,0x000000e1dd200000) (1024K)]
  0x000001ee07aa64e0 JavaThread "http-nio-5050-exec-3"       daemon [_thread_blocked, id=7988, stack(0x000000e1dd200000,0x000000e1dd300000) (1024K)]
  0x000001ee07aa36f0 JavaThread "http-nio-5050-exec-4"       daemon [_thread_blocked, id=10864, stack(0x000000e1dd300000,0x000000e1dd400000) (1024K)]
  0x000001ee07aa5130 JavaThread "http-nio-5050-exec-5"       daemon [_thread_blocked, id=10640, stack(0x000000e1dd400000,0x000000e1dd500000) (1024K)]
  0x000001ee07aa4aa0 JavaThread "http-nio-5050-exec-6"       daemon [_thread_blocked, id=22148, stack(0x000000e1dd500000,0x000000e1dd600000) (1024K)]
  0x000001ee07aa4410 JavaThread "http-nio-5050-exec-7"       daemon [_thread_blocked, id=24256, stack(0x000000e1dd600000,0x000000e1dd700000) (1024K)]
  0x000001ee07aa3d80 JavaThread "http-nio-5050-exec-8"       daemon [_thread_blocked, id=9648, stack(0x000000e1dd700000,0x000000e1dd800000) (1024K)]
  0x000001edc097db90 JavaThread "http-nio-5050-exec-9"       daemon [_thread_blocked, id=23700, stack(0x000000e1dd800000,0x000000e1dd900000) (1024K)]
  0x000001edc097ef40 JavaThread "http-nio-5050-exec-10"      daemon [_thread_blocked, id=17968, stack(0x000000e1dd900000,0x000000e1dda00000) (1024K)]
  0x000001ee094aeec0 JavaThread "http-nio-5050-Poller"       daemon [_thread_in_native, id=3048, stack(0x000000e1dda00000,0x000000e1ddb00000) (1024K)]
  0x000001ee094aa000 JavaThread "http-nio-5050-Acceptor"     daemon [_thread_in_native, id=17892, stack(0x000000e1ddb00000,0x000000e1ddc00000) (1024K)]
  0x000001ee094aa690 JavaThread "DestroyJavaVM"                     [_thread_blocked, id=24048, stack(0x000000e1db200000,0x000000e1db300000) (1024K)]
Total: 31

Other Threads:
  0x000001edc06fb460 VMThread "VM Thread"                           [id=9568, stack(0x000000e1db900000,0x000000e1dba00000) (1024K)]
  0x000001edc06e0cb0 WatcherThread "VM Periodic Task Thread"        [id=1208, stack(0x000000e1db800000,0x000000e1db900000) (1024K)]
  0x000001eda48a8110 WorkerThread "GC Thread#0"                     [id=1540, stack(0x000000e1db300000,0x000000e1db400000) (1024K)]
  0x000001ee063b7790 WorkerThread "GC Thread#1"                     [id=21904, stack(0x000000e1dc700000,0x000000e1dc800000) (1024K)]
  0x000001ee06325b40 WorkerThread "GC Thread#2"                     [id=20244, stack(0x000000e1dc800000,0x000000e1dc900000) (1024K)]
  0x000001ee06325ef0 WorkerThread "GC Thread#3"                     [id=3740, stack(0x000000e1dc900000,0x000000e1dca00000) (1024K)]
  0x000001eda48b4ac0 ConcurrentGCThread "G1 Main Marker"            [id=24264, stack(0x000000e1db400000,0x000000e1db500000) (1024K)]
  0x000001eda282e420 WorkerThread "G1 Conc#0"                       [id=9392, stack(0x000000e1db500000,0x000000e1db600000) (1024K)]
  0x000001edc05b30e0 ConcurrentGCThread "G1 Refine#0"               [id=19628, stack(0x000000e1db600000,0x000000e1db700000) (1024K)]
  0x000001eda490db80 ConcurrentGCThread "G1 Service"                [id=19972, stack(0x000000e1db700000,0x000000e1db800000) (1024K)]
Total: 10

Threads with active compile tasks:
C2 CompilerThread0  28699 5830       4       java.lang.invoke.MethodType::makeImpl (109 bytes)
Total: 1

VM state: not at safepoint (normal execution)

VM Mutex/Monitor currently owned by a thread: None

Heap address: 0x0000000084200000, size: 1982 MB, Compressed Oops mode: 32-bit

CDS archive(s) mapped at: [0x000001edc1000000-0x000001edc1c60000-0x000001edc1c60000), size 12976128, SharedBaseAddress: 0x000001edc1000000, ArchiveRelocationMode: 1.
Compressed class space mapped at: 0x000001edc2000000-0x000001ee02000000, reserved size: 1073741824
Narrow klass base: 0x000001edc1000000, Narrow klass shift: 0, Narrow klass range: 0x41000000

GC Precious Log:
 CardTable entry size: 512
 Card Set container configuration: InlinePtr #cards 5 size 8 Array Of Cards #cards 12 size 40 Howl #buckets 4 coarsen threshold 1843 Howl Bitmap #cards 512 size 80 coarsen threshold 460 Card regions per heap region 1 cards per card region 2048
 CPUs: 4 total, 4 available
 Memory: 7926M
 Large Page Support: Disabled
 NUMA Support: Disabled
 Compressed Oops: Enabled (32-bit)
 Heap Region Size: 1M
 Heap Min Capacity: 8M
 Heap Initial Capacity: 124M
 Heap Max Capacity: 1982M
 Pre-touch: Disabled
 Parallel Workers: 4
 Concurrent Workers: 1
 Concurrent Refinement Workers: 4
 Periodic GC: Disabled

Heap:
 garbage-first heap   total reserved 2029568K, committed 50176K, used 29007K [0x0000000084200000, 0x0000000100000000)
  region size 1024K, 2 young (2048K), 1 survivors (1024K)
 Metaspace       used 68978K, committed 69760K, reserved 1114112K
  class space    used 9316K, committed 9664K, reserved 1048576K

Heap Regions: E=young(eden), S=young(survivor), O=old, HS=humongous(starts), HC=humongous(continues), CS=collection set, F=free, TAMS=top-at-mark-start, PB=parsable bottom
|   0|0x0000000084200000, 0x0000000084300000, 0x0000000084300000|100%|HS|  |TAMS 0x0000000084200000| PB 0x0000000084200000| Complete |  0
|   1|0x0000000084300000, 0x0000000084400000, 0x0000000084400000|100%| O|  |TAMS 0x0000000084300000| PB 0x0000000084300000| Untracked |  0
|   2|0x0000000084400000, 0x0000000084500000, 0x0000000084500000|100%| O|  |TAMS 0x0000000084400000| PB 0x0000000084400000| Untracked |  0
|   3|0x0000000084500000, 0x0000000084600000, 0x0000000084600000|100%| O|  |TAMS 0x0000000084500000| PB 0x0000000084500000| Untracked |  0
|   4|0x0000000084600000, 0x0000000084700000, 0x0000000084700000|100%| O|  |TAMS 0x0000000084600000| PB 0x0000000084600000| Untracked |  0
|   5|0x0000000084700000, 0x0000000084800000, 0x0000000084800000|100%| O|  |TAMS 0x0000000084700000| PB 0x0000000084700000| Untracked |  0
|   6|0x0000000084800000, 0x0000000084900000, 0x0000000084900000|100%| O|  |TAMS 0x0000000084800000| PB 0x0000000084800000| Untracked |  0
|   7|0x0000000084900000, 0x0000000084a00000, 0x0000000084a00000|100%| O|  |TAMS 0x0000000084900000| PB 0x0000000084900000| Untracked |  0
|   8|0x0000000084a00000, 0x0000000084b00000, 0x0000000084b00000|100%| O|  |TAMS 0x0000000084a00000| PB 0x0000000084a00000| Untracked |  0
|   9|0x0000000084b00000, 0x0000000084c00000, 0x0000000084c00000|100%| O|  |TAMS 0x0000000084b00000| PB 0x0000000084b00000| Untracked |  0
|  10|0x0000000084c00000, 0x0000000084d00000, 0x0000000084d00000|100%| O|  |TAMS 0x0000000084c00000| PB 0x0000000084c00000| Untracked |  0
|  11|0x0000000084d00000, 0x0000000084e00000, 0x0000000084e00000|100%| O|  |TAMS 0x0000000084d00000| PB 0x0000000084d00000| Untracked |  0
|  12|0x0000000084e00000, 0x0000000084f00000, 0x0000000084f00000|100%| O|  |TAMS 0x0000000084e00000| PB 0x0000000084e00000| Untracked |  0
|  13|0x0000000084f00000, 0x0000000085000000, 0x0000000085000000|100%| O|  |TAMS 0x0000000084f00000| PB 0x0000000084f00000| Untracked |  0
|  14|0x0000000085000000, 0x0000000085100000, 0x0000000085100000|100%| O|  |TAMS 0x0000000085000000| PB 0x0000000085000000| Untracked |  0
|  15|0x0000000085100000, 0x0000000085200000, 0x0000000085200000|100%| O|  |TAMS 0x0000000085100000| PB 0x0000000085100000| Untracked |  0
|  16|0x0000000085200000, 0x0000000085300000, 0x0000000085300000|100%| O|  |TAMS 0x0000000085200000| PB 0x0000000085200000| Untracked |  0
|  17|0x0000000085300000, 0x0000000085400000, 0x0000000085400000|100%| O|  |TAMS 0x0000000085300000| PB 0x0000000085300000| Untracked |  0
|  18|0x0000000085400000, 0x0000000085500000, 0x0000000085500000|100%| O|  |TAMS 0x0000000085400000| PB 0x0000000085400000| Untracked |  0
|  19|0x0000000085500000, 0x0000000085600000, 0x0000000085600000|100%| O|  |TAMS 0x0000000085500000| PB 0x0000000085500000| Untracked |  0
|  20|0x0000000085600000, 0x00000000856a36b8, 0x0000000085700000| 63%| O|  |TAMS 0x0000000085600000| PB 0x0000000085600000| Untracked |  0
|  21|0x0000000085700000, 0x0000000085800000, 0x0000000085800000|100%| O|  |TAMS 0x0000000085700000| PB 0x0000000085700000| Untracked |  0
|  22|0x0000000085800000, 0x0000000085900000, 0x0000000085900000|100%| O|  |TAMS 0x0000000085800000| PB 0x0000000085800000| Untracked |  0
|  23|0x0000000085900000, 0x0000000085a00000, 0x0000000085a00000|100%| O|Cm|TAMS 0x0000000085900000| PB 0x0000000085900000| Complete |  0
|  24|0x0000000085a00000, 0x0000000085b00000, 0x0000000085b00000|100%| O|  |TAMS 0x0000000085a00000| PB 0x0000000085a00000| Untracked |  0
|  25|0x0000000085b00000, 0x0000000085c00000, 0x0000000085c00000|100%| O|  |TAMS 0x0000000085b00000| PB 0x0000000085b00000| Untracked |  0
|  26|0x0000000085c00000, 0x0000000085d00000, 0x0000000085d00000|100%| O|  |TAMS 0x0000000085c00000| PB 0x0000000085c00000| Untracked |  0
|  27|0x0000000085d00000, 0x0000000085d00000, 0x0000000085e00000|  0%| F|  |TAMS 0x0000000085d00000| PB 0x0000000085d00000| Untracked |  0
|  28|0x0000000085e00000, 0x0000000085e00000, 0x0000000085f00000|  0%| F|  |TAMS 0x0000000085e00000| PB 0x0000000085e00000| Untracked |  0
|  29|0x0000000085f00000, 0x0000000086000000, 0x0000000086000000|100%| O|  |TAMS 0x0000000085f00000| PB 0x0000000085f00000| Untracked |  0
|  30|0x0000000086000000, 0x0000000086000000, 0x0000000086100000|  0%| F|  |TAMS 0x0000000086000000| PB 0x0000000086000000| Untracked |  0
|  31|0x0000000086100000, 0x0000000086100000, 0x0000000086200000|  0%| F|  |TAMS 0x0000000086100000| PB 0x0000000086100000| Untracked |  0
|  32|0x0000000086200000, 0x0000000086200000, 0x0000000086300000|  0%| F|  |TAMS 0x0000000086200000| PB 0x0000000086200000| Untracked |  0
|  33|0x0000000086300000, 0x00000000863b08d0, 0x0000000086400000| 68%| S|CS|TAMS 0x0000000086300000| PB 0x0000000086300000| Complete |  0
|  34|0x0000000086400000, 0x0000000086400000, 0x0000000086500000|  0%| F|  |TAMS 0x0000000086400000| PB 0x0000000086400000| Untracked |  0
|  35|0x0000000086500000, 0x0000000086500000, 0x0000000086600000|  0%| F|  |TAMS 0x0000000086500000| PB 0x0000000086500000| Untracked |  0
|  36|0x0000000086600000, 0x0000000086600000, 0x0000000086700000|  0%| F|  |TAMS 0x0000000086600000| PB 0x0000000086600000| Untracked |  0
|  37|0x0000000086700000, 0x0000000086700000, 0x0000000086800000|  0%| F|  |TAMS 0x0000000086700000| PB 0x0000000086700000| Untracked |  0
|  38|0x0000000086800000, 0x0000000086800000, 0x0000000086900000|  0%| F|  |TAMS 0x0000000086800000| PB 0x0000000086800000| Untracked |  0
|  39|0x0000000086900000, 0x0000000086900000, 0x0000000086a00000|  0%| F|  |TAMS 0x0000000086900000| PB 0x0000000086900000| Untracked |  0
|  40|0x0000000086a00000, 0x0000000086a00000, 0x0000000086b00000|  0%| F|  |TAMS 0x0000000086a00000| PB 0x0000000086a00000| Untracked |  0
|  41|0x0000000086b00000, 0x0000000086b00000, 0x0000000086c00000|  0%| F|  |TAMS 0x0000000086b00000| PB 0x0000000086b00000| Untracked |  0
|  72|0x0000000088a00000, 0x0000000088a00000, 0x0000000088b00000|  0%| F|  |TAMS 0x0000000088a00000| PB 0x0000000088a00000| Untracked |  0
|  73|0x0000000088b00000, 0x0000000088b00000, 0x0000000088c00000|  0%| F|  |TAMS 0x0000000088b00000| PB 0x0000000088b00000| Untracked |  0
|  74|0x0000000088c00000, 0x0000000088c00000, 0x0000000088d00000|  0%| F|  |TAMS 0x0000000088c00000| PB 0x0000000088c00000| Untracked |  0
|  75|0x0000000088d00000, 0x0000000088d00000, 0x0000000088e00000|  0%| F|  |TAMS 0x0000000088d00000| PB 0x0000000088d00000| Untracked |  0
|  76|0x0000000088e00000, 0x0000000088e00000, 0x0000000088f00000|  0%| F|  |TAMS 0x0000000088e00000| PB 0x0000000088e00000| Untracked |  0
|  77|0x0000000088f00000, 0x0000000088f00000, 0x0000000089000000|  0%| F|  |TAMS 0x0000000088f00000| PB 0x0000000088f00000| Untracked |  0
|  78|0x0000000089000000, 0x000000008902afc8, 0x0000000089100000| 16%| E|  |TAMS 0x0000000089000000| PB 0x0000000089000000| Complete |  0

Card table byte_map: [0x000001edbbf70000,0x000001edbc350000] _byte_map_base: 0x000001edbbb4f000

Marking Bits: (CMBitMap*) 0x000001eda48a8820
 Bits: [0x000001edbc350000, 0x000001edbe248000)

Polling page: 0x000001eda4010000

Metaspace:

Usage:
  Non-class:     58.26 MB used.
      Class:      9.10 MB used.
       Both:     67.36 MB used.

Virtual space:
  Non-class space:       64.00 MB reserved,      58.69 MB ( 92%) committed,  1 nodes.
      Class space:        1.00 GB reserved,       9.44 MB ( <1%) committed,  1 nodes.
             Both:        1.06 GB reserved,      68.12 MB (  6%) committed. 

Chunk freelists:
   Non-Class:  4.98 MB
       Class:  6.59 MB
        Both:  11.58 MB

MaxMetaspaceSize: unlimited
CompressedClassSpaceSize: 1.00 GB
Initial GC threshold: 21.00 MB
Current GC threshold: 113.56 MB
CDS: on
 - commit_granule_bytes: 65536.
 - commit_granule_words: 8192.
 - virtual_space_node_default_size: 8388608.
 - enlarge_chunks_in_place: 1.
 - use_allocation_guard: 0.


Internal statistics:

num_allocs_failed_limit: 6.
num_arena_births: 956.
num_arena_deaths: 0.
num_vsnodes_births: 2.
num_vsnodes_deaths: 0.
num_space_committed: 1090.
num_space_uncommitted: 0.
num_chunks_returned_to_freelist: 6.
num_chunks_taken_from_freelist: 3309.
num_chunk_merges: 6.
num_chunk_splits: 2358.
num_chunks_enlarged: 1822.
num_inconsistent_stats: 0.

CodeHeap 'non-profiled nmethods': size=120000Kb used=2885Kb max_used=3051Kb free=117114Kb
 bounds [0x000001edb4660000, 0x000001edb4960000, 0x000001edbbb90000]
CodeHeap 'profiled nmethods': size=120000Kb used=9328Kb max_used=9570Kb free=110671Kb
 bounds [0x000001edacb90000, 0x000001edad4f0000, 0x000001edb40c0000]
CodeHeap 'non-nmethods': size=5760Kb used=1823Kb max_used=1866Kb free=3936Kb
 bounds [0x000001edb40c0000, 0x000001edb4330000, 0x000001edb4660000]
 total_blobs=5821 nmethods=5048 adapters=677
 compilation: enabled
              stopped_count=0, restarted_count=0
 full_count=0

Compilation events (20 events):
Event: 27.717 Thread 0x000001edc072f6a0 5882       3       com.fasterxml.jackson.databind.introspect.AnnotatedMember::getAnnotation (18 bytes)
Event: 27.717 Thread 0x000001edc072f6a0 nmethod 5882 0x000001edaccf3110 code [0x000001edaccf32e0, 0x000001edaccf36c8]
Event: 27.717 Thread 0x000001edc072f6a0 5883       3       com.fasterxml.jackson.databind.introspect.AnnotationMap::get (21 bytes)
Event: 27.717 Thread 0x000001edc072f6a0 nmethod 5883 0x000001edaccf2b10 code [0x000001edaccf2cc0, 0x000001edaccf2ff8]
Event: 27.718 Thread 0x000001edc072f6a0 5884       3       com.fasterxml.jackson.databind.util.internal.PrivateMaxEntriesMap::readBufferIndex (7 bytes)
Event: 27.718 Thread 0x000001edc072f6a0 nmethod 5884 0x000001edaccdb590 code [0x000001edaccdb720, 0x000001edaccdb818]
Event: 27.719 Thread 0x000001edc072f6a0 5885       1       com.fasterxml.jackson.databind.JavaType::getReferencedType (2 bytes)
Event: 27.719 Thread 0x000001edc072f6a0 nmethod 5885 0x000001edb495a090 code [0x000001edb495a220, 0x000001edb495a2f0]
Event: 27.719 Thread 0x000001edc072f6a0 5886       1       com.fasterxml.jackson.databind.type.SimpleType::isContainerType (2 bytes)
Event: 27.719 Thread 0x000001edc072f6a0 nmethod 5886 0x000001edb495a390 code [0x000001edb495a520, 0x000001edb495a5e8]
Event: 27.719 Thread 0x000001edc072f6a0 5888       3       java.util.LinkedHashMap::get (29 bytes)
Event: 27.719 Thread 0x000001edc072f6a0 nmethod 5888 0x000001edaccf2510 code [0x000001edaccf26e0, 0x000001edaccf29c0]
Event: 27.719 Thread 0x000001edc072f6a0 5887       1       com.fasterxml.jackson.databind.type.TypeBase::getBindings (5 bytes)
Event: 27.719 Thread 0x000001edc072f6a0 nmethod 5887 0x000001edb495a690 code [0x000001edb495a820, 0x000001edb495a8e8]
Event: 27.719 Thread 0x000001edc072f6a0 5889   !   3       jdk.internal.loader.AbstractClassLoaderValue::computeIfAbsent (113 bytes)
Event: 27.721 Thread 0x000001edc072f6a0 nmethod 5889 0x000001edad4e7c90 code [0x000001edad4e7f60, 0x000001edad4e8fc0]
Event: 27.725 Thread 0x000001edc072f6a0 5890       1       com.fasterxml.jackson.databind.util.internal.PrivateMaxEntriesMap$Node::getPrevious (5 bytes)
Event: 27.725 Thread 0x000001edc072f6a0 nmethod 5890 0x000001edb495a990 code [0x000001edb495ab20, 0x000001edb495abe8]
Event: 27.725 Thread 0x000001edc072f6a0 5891       3       java.lang.invoke.VarHandleReferences$FieldInstanceReadWrite::setRelease (35 bytes)
Event: 27.726 Thread 0x000001edc072f6a0 nmethod 5891 0x000001edad4e9690 code [0x000001edad4e98e0, 0x000001edad4ea160]

GC Heap History (20 events):
Event: 14.724 GC heap before
{Heap before GC invocations=10 (full 0):
 garbage-first heap   total reserved 2029568K, committed 45056K, used 37948K [0x0000000084200000, 0x0000000100000000)
  region size 1024K, 21 young (21504K), 2 survivors (2048K)
 Metaspace       used 39956K, committed 40576K, reserved 1114112K
  class space    used 5216K, committed 5504K, reserved 1048576K
}
Event: 14.730 GC heap after
{Heap after GC invocations=11 (full 0):
 garbage-first heap   total reserved 2029568K, committed 45056K, used 20050K [0x0000000084200000, 0x0000000100000000)
  region size 1024K, 3 young (3072K), 3 survivors (3072K)
 Metaspace       used 39956K, committed 40576K, reserved 1114112K
  class space    used 5216K, committed 5504K, reserved 1048576K
}
Event: 16.097 GC heap before
{Heap before GC invocations=11 (full 0):
 garbage-first heap   total reserved 2029568K, committed 45056K, used 36434K [0x0000000084200000, 0x0000000100000000)
  region size 1024K, 20 young (20480K), 3 survivors (3072K)
 Metaspace       used 46729K, committed 47232K, reserved 1114112K
  class space    used 6064K, committed 6272K, reserved 1048576K
}
Event: 16.105 GC heap after
{Heap after GC invocations=12 (full 0):
 garbage-first heap   total reserved 2029568K, committed 45056K, used 20884K [0x0000000084200000, 0x0000000100000000)
  region size 1024K, 3 young (3072K), 3 survivors (3072K)
 Metaspace       used 46729K, committed 47232K, reserved 1114112K
  class space    used 6064K, committed 6272K, reserved 1048576K
}
Event: 17.052 GC heap before
{Heap before GC invocations=12 (full 0):
 garbage-first heap   total reserved 2029568K, committed 45056K, used 37268K [0x0000000084200000, 0x0000000100000000)
  region size 1024K, 20 young (20480K), 3 survivors (3072K)
 Metaspace       used 50053K, committed 50624K, reserved 1114112K
  class space    used 6478K, committed 6720K, reserved 1048576K
}
Event: 17.058 GC heap after
{Heap after GC invocations=13 (full 0):
 garbage-first heap   total reserved 2029568K, committed 45056K, used 22230K [0x0000000084200000, 0x0000000100000000)
  region size 1024K, 3 young (3072K), 3 survivors (3072K)
 Metaspace       used 50053K, committed 50624K, reserved 1114112K
  class space    used 6478K, committed 6720K, reserved 1048576K
}
Event: 18.139 GC heap before
{Heap before GC invocations=13 (full 0):
 garbage-first heap   total reserved 2029568K, committed 45056K, used 36566K [0x0000000084200000, 0x0000000100000000)
  region size 1024K, 18 young (18432K), 3 survivors (3072K)
 Metaspace       used 54887K, committed 55424K, reserved 1114112K
  class space    used 7245K, committed 7488K, reserved 1048576K
}
Event: 18.146 GC heap after
{Heap after GC invocations=14 (full 0):
 garbage-first heap   total reserved 2029568K, committed 45056K, used 23018K [0x0000000084200000, 0x0000000100000000)
  region size 1024K, 2 young (2048K), 2 survivors (2048K)
 Metaspace       used 54887K, committed 55424K, reserved 1114112K
  class space    used 7245K, committed 7488K, reserved 1048576K
}
Event: 19.070 GC heap before
{Heap before GC invocations=15 (full 0):
 garbage-first heap   total reserved 2029568K, committed 45056K, used 38378K [0x0000000084200000, 0x0000000100000000)
  region size 1024K, 18 young (18432K), 2 survivors (2048K)
 Metaspace       used 58224K, committed 58816K, reserved 1114112K
  class space    used 7833K, committed 8064K, reserved 1048576K
}
Event: 19.074 GC heap after
{Heap after GC invocations=16 (full 0):
 garbage-first heap   total reserved 2029568K, committed 45056K, used 23443K [0x0000000084200000, 0x0000000100000000)
  region size 1024K, 2 young (2048K), 2 survivors (2048K)
 Metaspace       used 58224K, committed 58816K, reserved 1114112K
  class space    used 7833K, committed 8064K, reserved 1048576K
}
Event: 19.885 GC heap before
{Heap before GC invocations=16 (full 0):
 garbage-first heap   total reserved 2029568K, committed 45056K, used 38803K [0x0000000084200000, 0x0000000100000000)
  region size 1024K, 17 young (17408K), 2 survivors (2048K)
 Metaspace       used 61327K, committed 61952K, reserved 1114112K
  class space    used 8191K, committed 8448K, reserved 1048576K
}
Event: 19.892 GC heap after
{Heap after GC invocations=17 (full 0):
 garbage-first heap   total reserved 2029568K, committed 45056K, used 24569K [0x0000000084200000, 0x0000000100000000)
  region size 1024K, 3 young (3072K), 3 survivors (3072K)
 Metaspace       used 61327K, committed 61952K, reserved 1114112K
  class space    used 8191K, committed 8448K, reserved 1048576K
}
Event: 20.629 GC heap before
{Heap before GC invocations=17 (full 0):
 garbage-first heap   total reserved 2029568K, committed 45056K, used 37881K [0x0000000084200000, 0x0000000100000000)
  region size 1024K, 16 young (16384K), 3 survivors (3072K)
 Metaspace       used 63566K, committed 64256K, reserved 1114112K
  class space    used 8562K, committed 8896K, reserved 1048576K
}
Event: 20.636 GC heap after
{Heap after GC invocations=18 (full 0):
 garbage-first heap   total reserved 2029568K, committed 45056K, used 25992K [0x0000000084200000, 0x0000000100000000)
  region size 1024K, 2 young (2048K), 2 survivors (2048K)
 Metaspace       used 63566K, committed 64256K, reserved 1114112K
  class space    used 8562K, committed 8896K, reserved 1048576K
}
Event: 21.415 GC heap before
{Heap before GC invocations=19 (full 0):
 garbage-first heap   total reserved 2029568K, committed 45056K, used 38280K [0x0000000084200000, 0x0000000100000000)
  region size 1024K, 15 young (15360K), 2 survivors (2048K)
 Metaspace       used 64837K, committed 65536K, reserved 1114112K
  class space    used 8766K, committed 9088K, reserved 1048576K
}
Event: 21.421 GC heap after
{Heap after GC invocations=20 (full 0):
 garbage-first heap   total reserved 2029568K, committed 45056K, used 27480K [0x0000000084200000, 0x0000000100000000)
  region size 1024K, 2 young (2048K), 2 survivors (2048K)
 Metaspace       used 64837K, committed 65536K, reserved 1114112K
  class space    used 8766K, committed 9088K, reserved 1048576K
}
Event: 27.107 GC heap before
{Heap before GC invocations=20 (full 0):
 garbage-first heap   total reserved 2029568K, committed 45056K, used 38744K [0x0000000084200000, 0x0000000100000000)
  region size 1024K, 13 young (13312K), 2 survivors (2048K)
 Metaspace       used 66389K, committed 67072K, reserved 1114112K
  class space    used 8970K, committed 9280K, reserved 1048576K
}
Event: 27.115 GC heap after
{Heap after GC invocations=21 (full 0):
 garbage-first heap   total reserved 2029568K, committed 45056K, used 28321K [0x0000000084200000, 0x0000000100000000)
  region size 1024K, 2 young (2048K), 2 survivors (2048K)
 Metaspace       used 66389K, committed 67072K, reserved 1114112K
  class space    used 8970K, committed 9280K, reserved 1048576K
}
Event: 27.731 GC heap before
{Heap before GC invocations=21 (full 0):
 garbage-first heap   total reserved 2029568K, committed 45056K, used 37537K [0x0000000084200000, 0x0000000100000000)
  region size 1024K, 12 young (12288K), 2 survivors (2048K)
 Metaspace       used 68959K, committed 69696K, reserved 1114112K
  class space    used 9313K, committed 9664K, reserved 1048576K
}
Event: 27.736 GC heap after
{Heap after GC invocations=22 (full 0):
 garbage-first heap   total reserved 2029568K, committed 45056K, used 29007K [0x0000000084200000, 0x0000000100000000)
  region size 1024K, 1 young (1024K), 1 survivors (1024K)
 Metaspace       used 68959K, committed 69696K, reserved 1114112K
  class space    used 9313K, committed 9664K, reserved 1048576K
}

Dll operation events (14 events):
Event: 0.028 Loaded shared library C:\Users\Shekhani Laptops\.jdks\openjdk-22.0.2\bin\java.dll
Event: 0.033 Loaded shared library C:\Users\Shekhani Laptops\.jdks\openjdk-22.0.2\bin\zip.dll
Event: 0.103 Loaded shared library C:\Users\Shekhani Laptops\.jdks\openjdk-22.0.2\bin\jsvml.dll
Event: 0.490 Loaded shared library C:\Users\Shekhani Laptops\.jdks\openjdk-22.0.2\bin\instrument.dll
Event: 0.620 Loaded shared library C:\Users\Shekhani Laptops\.jdks\openjdk-22.0.2\bin\net.dll
Event: 0.628 Loaded shared library C:\Users\Shekhani Laptops\.jdks\openjdk-22.0.2\bin\nio.dll
Event: 0.656 Loaded shared library C:\Users\Shekhani Laptops\.jdks\openjdk-22.0.2\bin\zip.dll
Event: 0.991 Loaded shared library C:\Users\Shekhani Laptops\.jdks\openjdk-22.0.2\bin\jimage.dll
Event: 3.281 Loaded shared library C:\Users\Shekhani Laptops\.jdks\openjdk-22.0.2\bin\le.dll
Event: 5.180 Loaded shared library C:\Users\Shekhani Laptops\.jdks\openjdk-22.0.2\bin\sunmscapi.dll
Event: 10.706 Loaded shared library C:\Users\Shekhani Laptops\.jdks\openjdk-22.0.2\bin\management.dll
Event: 10.713 Loaded shared library C:\Users\Shekhani Laptops\.jdks\openjdk-22.0.2\bin\management_ext.dll
Event: 12.553 Loaded shared library C:\Users\Shekhani Laptops\.jdks\openjdk-22.0.2\bin\verify.dll
Event: 14.342 Loaded shared library C:\Users\Shekhani Laptops\.jdks\openjdk-22.0.2\bin\extnet.dll

Deoptimization events (20 events):
Event: 27.088 Thread 0x000001ee07aa57c0 Uncommon trap: trap_request=0xffffff54 fr.pc=0x000001edb484d8d0 relative=0x0000000000006ff0
Event: 27.088 Thread 0x000001ee07aa57c0 Uncommon trap: reason=speculate_null_assert action=make_not_entrant pc=0x000001edb484d8d0 method=jdk.internal.util.ReferencedKeyMap.internKey(Ljdk/internal/util/ReferencedKeyMap;Ljava/lang/Object;)Ljava/lang/Object; @ 28 c2
Event: 27.089 Thread 0x000001ee07aa57c0 DEOPT PACKING pc=0x000001edb484d8d0 sp=0x000000e1dd0fe5c0
Event: 27.089 Thread 0x000001ee07aa57c0 DEOPT UNPACKING pc=0x000001edb41146a2 sp=0x000000e1dd0fe550 mode 2
Event: 27.139 Thread 0x000001ee07aa64e0 Uncommon trap: trap_request=0xffffffde fr.pc=0x000001edb46dcb24 relative=0x0000000000000084
Event: 27.139 Thread 0x000001ee07aa64e0 Uncommon trap: reason=class_check action=maybe_recompile pc=0x000001edb46dcb24 method=jdk.internal.misc.Blocker.begin()J @ 11 c2
Event: 27.139 Thread 0x000001ee07aa64e0 DEOPT PACKING pc=0x000001edb46dcb24 sp=0x000000e1dd2fd930
Event: 27.139 Thread 0x000001ee07aa64e0 DEOPT UNPACKING pc=0x000001edb41146a2 sp=0x000000e1dd2fd888 mode 2
Event: 27.309 Thread 0x000001ee07aa64e0 DEOPT PACKING pc=0x000001edb48c4d50 sp=0x000000e1dd2fd1c0
Event: 27.309 Thread 0x000001ee07aa64e0 DEOPT UNPACKING pc=0x000001edb4114e42 sp=0x000000e1dd2fc5b8 mode 1
Event: 27.309 Thread 0x000001ee07aa64e0 DEOPT PACKING pc=0x000001edad0707cc sp=0x000000e1dd2fd200
Event: 27.309 Thread 0x000001ee07aa64e0 DEOPT UNPACKING pc=0x000001edb4114e42 sp=0x000000e1dd2fc8c0 mode 1
Event: 27.706 Thread 0x000001ee07aa64e0 Uncommon trap: trap_request=0xffffff45 fr.pc=0x000001edb48a2544 relative=0x0000000000000044
Event: 27.706 Thread 0x000001ee07aa64e0 Uncommon trap: reason=unstable_if action=reinterpret pc=0x000001edb48a2544 method=java.util.IdentityHashMap.maskNull(Ljava/lang/Object;)Ljava/lang/Object; @ 1 c2
Event: 27.706 Thread 0x000001ee07aa64e0 DEOPT PACKING pc=0x000001edb48a2544 sp=0x000000e1dd2fd040
Event: 27.707 Thread 0x000001ee07aa64e0 DEOPT UNPACKING pc=0x000001edb41146a2 sp=0x000000e1dd2fcfe0 mode 2
Event: 27.718 Thread 0x000001ee07aa64e0 Uncommon trap: trap_request=0xffffff45 fr.pc=0x000001edb477c5e0 relative=0x0000000000000400
Event: 27.718 Thread 0x000001ee07aa64e0 Uncommon trap: reason=unstable_if action=reinterpret pc=0x000001edb477c5e0 method=java.util.HashMap.getNode(Ljava/lang/Object;)Ljava/util/HashMap$Node; @ 66 c2
Event: 27.718 Thread 0x000001ee07aa64e0 DEOPT PACKING pc=0x000001edb477c5e0 sp=0x000000e1dd2fc6e0
Event: 27.718 Thread 0x000001ee07aa64e0 DEOPT UNPACKING pc=0x000001edb41146a2 sp=0x000000e1dd2fc630 mode 2

Classes loaded (20 events):
Event: 27.723 Loading class com/fasterxml/jackson/databind/ser/impl/PropertySerializerMap$SerializerAndMapResult
Event: 27.723 Loading class com/fasterxml/jackson/databind/ser/impl/PropertySerializerMap$SerializerAndMapResult done
Event: 27.724 Loading class com/fasterxml/jackson/databind/ser/impl/PropertySerializerMap$Double
Event: 27.724 Loading class com/fasterxml/jackson/databind/ser/impl/PropertySerializerMap$Double done
Event: 27.725 Loading class com/fasterxml/jackson/databind/ser/std/NumberSerializers$1
Event: 27.725 Loading class com/fasterxml/jackson/databind/ser/std/NumberSerializers$1 done
Event: 27.726 Loading class com/fasterxml/jackson/databind/ser/impl/PropertySerializerMap$Multi
Event: 27.726 Loading class com/fasterxml/jackson/databind/ser/impl/PropertySerializerMap$Multi done
Event: 27.726 Loading class com/fasterxml/jackson/core/io/NumberOutput
Event: 27.726 Loading class com/fasterxml/jackson/core/io/NumberOutput done
Event: 27.731 Loading class com/fasterxml/jackson/databind/ser/impl/PropertySerializerMap$TypeAndSerializer
Event: 27.731 Loading class com/fasterxml/jackson/databind/ser/impl/PropertySerializerMap$TypeAndSerializer done
Event: 27.739 Loading class org/apache/coyote/http11/Constants
Event: 27.739 Loading class org/apache/coyote/http11/Constants done
Event: 27.741 Loading class org/apache/tomcat/util/buf/HexUtils
Event: 27.741 Loading class org/apache/tomcat/util/buf/HexUtils done
Event: 27.750 Loading class org/springframework/web/method/annotation/SessionAttributesHandler
Event: 27.750 Loading class org/springframework/web/method/annotation/SessionAttributesHandler done
Event: 27.751 Loading class org/springframework/web/context/request/WebRequest
Event: 27.751 Loading class org/springframework/web/context/request/WebRequest done

Classes unloaded (0 events):
No events

Classes redefined (0 events):
No events

Internal exceptions (20 events):
Event: 19.078 Thread 0x000001eda2769ab0 Exception <a 'java/lang/NoSuchMethodError'{0x000000008900dbd0}: 'java.lang.Object java.lang.invoke.DirectMethodHandle$Holder.newInvokeSpecial(java.lang.Object, java.lang.Object, java.lang.Object, java.lang.Object, java.lang.Object, java.lang.Object, java.lang.Object, int)'> (0x000000008900dbd0) 
thrown [s\open\src\hotspot\share\interpreter\linkResolver.cpp, line 774]
Event: 19.078 Thread 0x000001eda2769ab0 Exception <a 'java/lang/NoSuchMethodError'{0x0000000089012160}: 'java.lang.Object java.lang.invoke.DirectMethodHandle$Holder.invokeSpecial(java.lang.Object, java.lang.Object, java.lang.Object, java.lang.Object, java.lang.Object, java.lang.Object, java.lang.Object, java.lang.Object, int)'> (0x0000000089012160) 
thrown [s\open\src\hotspot\share\interpreter\linkResolver.cpp, line 774]
Event: 19.079 Thread 0x000001eda2769ab0 Exception <a 'java/lang/NoSuchMethodError'{0x0000000089016178}: 'java.lang.Object java.lang.invoke.Invokers$Holder.linkToTargetMethod(java.lang.Object, java.lang.Object, java.lang.Object, java.lang.Object, java.lang.Object, java.lang.Object, int, java.lang.Object)'> (0x0000000089016178) 
thrown [s\open\src\hotspot\share\interpreter\linkResolver.cpp, line 774]
Event: 19.121 Thread 0x000001eda2769ab0 Exception <a 'java/lang/NoSuchMethodError'{0x00000000890e7d18}: 'void java.lang.invoke.DirectMethodHandle$Holder.invokeInterface(java.lang.Object, java.lang.Object)'> (0x00000000890e7d18) 
thrown [s\open\src\hotspot\share\interpreter\linkResolver.cpp, line 774]
Event: 19.412 Thread 0x000001eda2769ab0 Exception <a 'java/lang/NoSuchMethodError'{0x0000000088cbf0a0}: 'java.lang.Object java.lang.invoke.DirectMethodHandle$Holder.invokeSpecial(java.lang.Object, java.lang.Object, int, java.lang.Object, int)'> (0x0000000088cbf0a0) 
thrown [s\open\src\hotspot\share\interpreter\linkResolver.cpp, line 774]
Event: 19.453 Thread 0x000001eda2769ab0 Exception <a 'java/lang/NoSuchMethodError'{0x0000000088b6cb08}: 'void java.lang.invoke.Invokers$Holder.invokeExact_MT(java.lang.Object, java.lang.Object, java.lang.Object, java.lang.Object)'> (0x0000000088b6cb08) 
thrown [s\open\src\hotspot\share\interpreter\linkResolver.cpp, line 774]
Event: 19.645 Thread 0x000001eda2769ab0 Exception <a 'java/lang/IncompatibleClassChangeError'{0x00000000864d0d20}: Found class java.lang.Object, but interface was expected> (0x00000000864d0d20) 
thrown [s\open\src\hotspot\share\interpreter\linkResolver.cpp, line 841]
Event: 19.672 Thread 0x000001eda2769ab0 Exception <a 'java/lang/IncompatibleClassChangeError'{0x000000008634af10}: Found class java.lang.Object, but interface was expected> (0x000000008634af10) 
thrown [s\open\src\hotspot\share\interpreter\linkResolver.cpp, line 841]
Event: 19.755 Thread 0x000001eda2769ab0 Exception <a 'java/lang/IncompatibleClassChangeError'{0x00000000862e8a50}: Found class java.lang.Object, but interface was expected> (0x00000000862e8a50) 
thrown [s\open\src\hotspot\share\interpreter\linkResolver.cpp, line 841]
Event: 20.099 Thread 0x000001eda2769ab0 Exception <a 'java/lang/IncompatibleClassChangeError'{0x0000000088dc9a30}: Found class java.lang.Object, but interface was expected> (0x0000000088dc9a30) 
thrown [s\open\src\hotspot\share\interpreter\linkResolver.cpp, line 841]
Event: 20.286 Thread 0x000001eda2769ab0 Exception <a 'java/lang/IncompatibleClassChangeError'{0x0000000088add908}: Found class java.lang.Object, but interface was expected> (0x0000000088add908) 
thrown [s\open\src\hotspot\share\interpreter\linkResolver.cpp, line 841]
Event: 20.612 Thread 0x000001eda2769ab0 Exception <a 'java/lang/NoSuchMethodError'{0x00000000861aa580}: 'java.lang.Object java.lang.invoke.DirectMethodHandle$Holder.newInvokeSpecial(java.lang.Object, java.lang.Object, java.lang.Object, java.lang.Object, java.lang.Object, java.lang.Object, java.lang.Object, java.lang.Object)'> (0x00000000861aa580) 
thrown [s\open\src\hotspot\share\interpreter\linkResolver.cpp, line 774]
Event: 21.206 Thread 0x000001eda2769ab0 Exception <a 'java/lang/IncompatibleClassChangeError'{0x00000000862123d8}: Found class java.lang.Object, but interface was expected> (0x00000000862123d8) 
thrown [s\open\src\hotspot\share\interpreter\linkResolver.cpp, line 841]
Event: 21.390 Thread 0x000001eda2769ab0 Exception <a 'java/lang/NoSuchMethodError'{0x00000000861c44e8}: 'void java.lang.invoke.DirectMethodHandle$Holder.invokeVirtual(java.lang.Object, java.lang.Object, long)'> (0x00000000861c44e8) 
thrown [s\open\src\hotspot\share\interpreter\linkResolver.cpp, line 774]
Event: 21.583 Thread 0x000001eda2769ab0 Exception <a 'java/lang/NoSuchMethodError'{0x0000000088d64118}: 'int java.lang.invoke.DirectMethodHandle$Holder.invokeStaticInit(java.lang.Object, java.lang.Object, java.lang.Object, java.lang.Object)'> (0x0000000088d64118) 
thrown [s\open\src\hotspot\share\interpreter\linkResolver.cpp, line 774]
Event: 21.634 Thread 0x000001eda2769ab0 Exception <a 'java/lang/IncompatibleClassChangeError'{0x0000000088c39e80}: Found class java.lang.Object, but interface was expected> (0x0000000088c39e80) 
thrown [s\open\src\hotspot\share\interpreter\linkResolver.cpp, line 841]
Event: 21.658 Thread 0x000001eda2769ab0 Implicit null exception at 0x000001edb47c17e8 to 0x000001edb47c1a94
Event: 21.835 Thread 0x000001eda2769ab0 Exception <a 'java/lang/NoSuchMethodError'{0x00000000865a6af8}: 'java.lang.Object java.lang.invoke.DirectMethodHandle$Holder.newInvokeSpecial(java.lang.Object, java.lang.Object, int, java.lang.Object, java.lang.Object)'> (0x00000000865a6af8) 
thrown [s\open\src\hotspot\share\interpreter\linkResolver.cpp, line 774]
Event: 27.194 Thread 0x000001ee07aa64e0 Exception <a 'java/lang/NoSuchMethodError'{0x0000000088f24008}: 'java.lang.Object java.lang.invoke.DirectMethodHandle$Holder.invokeSpecial(java.lang.Object, java.lang.Object, java.lang.Object, java.lang.Object, java.lang.Object, long)'> (0x0000000088f24008) 
thrown [s\open\src\hotspot\share\interpreter\linkResolver.cpp, line 774]
Event: 27.197 Thread 0x000001ee07aa64e0 Exception <a 'java/lang/NoSuchMethodError'{0x0000000088f27a18}: 'java.lang.Object java.lang.invoke.Invokers$Holder.linkToTargetMethod(java.lang.Object, java.lang.Object, java.lang.Object, long, java.lang.Object)'> (0x0000000088f27a18) 
thrown [s\open\src\hotspot\share\interpreter\linkResolver.cpp, line 774]

ZGC Phase Switch (0 events):
No events

VM Operations (20 events):
Event: 22.479 Executing VM operation: Cleanup
Event: 22.479 Executing VM operation: Cleanup done
Event: 23.490 Executing VM operation: Cleanup
Event: 23.490 Executing VM operation: Cleanup done
Event: 26.525 Executing VM operation: Cleanup
Event: 26.525 Executing VM operation: Cleanup done
Event: 27.106 Executing VM operation: G1CollectForAllocation (G1 Evacuation Pause)
Event: 27.115 Executing VM operation: G1CollectForAllocation (G1 Evacuation Pause) done
Event: 27.240 Executing VM operation: HandshakeAllThreads (Deoptimize)
Event: 27.240 Executing VM operation: HandshakeAllThreads (Deoptimize) done
Event: 27.474 Executing VM operation: HandshakeAllThreads (Deoptimize)
Event: 27.474 Executing VM operation: HandshakeAllThreads (Deoptimize) done
Event: 27.651 Executing VM operation: HandshakeAllThreads (Deoptimize)
Event: 27.651 Executing VM operation: HandshakeAllThreads (Deoptimize) done
Event: 27.731 Executing VM operation: G1CollectForAllocation (G1 Evacuation Pause)
Event: 27.736 Executing VM operation: G1CollectForAllocation (G1 Evacuation Pause) done
Event: 27.838 Executing VM operation: G1PauseRemark
Event: 27.843 Executing VM operation: G1PauseRemark done
Event: 27.882 Executing VM operation: G1PauseCleanup
Event: 27.882 Executing VM operation: G1PauseCleanup done

Memory protections (0 events):
No events

Nmethod flushes (20 events):
Event: 27.843 Thread 0x000001edc06fb460 flushing  nmethod 0x000001edad0b5b90
Event: 27.843 Thread 0x000001edc06fb460 flushing  nmethod 0x000001edad1b5f10
Event: 27.843 Thread 0x000001edc06fb460 flushing  nmethod 0x000001edad1b6710
Event: 27.843 Thread 0x000001edc06fb460 flushing  nmethod 0x000001edad22ec90
Event: 27.843 Thread 0x000001edc06fb460 flushing  nmethod 0x000001edad2b7290
Event: 27.843 Thread 0x000001edc06fb460 flushing  nmethod 0x000001edad458d90
Event: 27.843 Thread 0x000001edc06fb460 flushing  nmethod 0x000001edb472ea90
Event: 27.843 Thread 0x000001edc06fb460 flushing osr nmethod 0x000001edb473cd10
Event: 27.843 Thread 0x000001edc06fb460 flushing  nmethod 0x000001edb480be90
Event: 27.843 Thread 0x000001edc06fb460 flushing  nmethod 0x000001edb480d110
Event: 27.843 Thread 0x000001edc06fb460 flushing  nmethod 0x000001edb48b3010
Event: 27.843 Thread 0x000001edc06fb460 flushing  nmethod 0x000001edacbcd710
Event: 27.843 Thread 0x000001edc06fb460 flushing  nmethod 0x000001edacc01510
Event: 27.843 Thread 0x000001edc06fb460 flushing  nmethod 0x000001edacc1a690
Event: 27.843 Thread 0x000001edc06fb460 flushing  nmethod 0x000001edacc20b10
Event: 27.843 Thread 0x000001edc06fb460 flushing  nmethod 0x000001edacc45810
Event: 27.843 Thread 0x000001edc06fb460 flushing  nmethod 0x000001edacd1df90
Event: 27.843 Thread 0x000001edc06fb460 flushing  nmethod 0x000001edacf53810
Event: 27.843 Thread 0x000001edc06fb460 flushing  nmethod 0x000001edacfb7710
Event: 27.843 Thread 0x000001edc06fb460 flushing  nmethod 0x000001edad15ca90

Events (20 events):
Event: 11.055 Thread 0x000001eda2769ab0 Thread added: 0x000001edc097e220
Event: 11.065 Thread 0x000001eda2769ab0 Thread added: 0x000001edc097c150
Event: 11.138 Thread 0x000001eda2769ab0 Thread added: 0x000001edc097c7e0
Event: 15.636 Thread 0x000001eda2769ab0 Thread added: 0x000001edc097ce70
Event: 15.752 Thread 0x000001edc097ce70 Thread added: 0x000001ee07aa57c0
Event: 21.508 Thread 0x000001ee07aa57c0 Thread exited: 0x000001ee07aa57c0
Event: 21.859 Thread 0x000001eda2769ab0 Thread added: 0x000001ee07aa57c0
Event: 21.859 Thread 0x000001eda2769ab0 Thread added: 0x000001ee07aa5e50
Event: 21.859 Thread 0x000001eda2769ab0 Thread added: 0x000001ee07aa64e0
Event: 21.859 Thread 0x000001eda2769ab0 Thread added: 0x000001ee07aa36f0
Event: 21.860 Thread 0x000001eda2769ab0 Thread added: 0x000001ee07aa5130
Event: 21.860 Thread 0x000001eda2769ab0 Thread added: 0x000001ee07aa4aa0
Event: 21.860 Thread 0x000001eda2769ab0 Thread added: 0x000001ee07aa4410
Event: 21.861 Thread 0x000001eda2769ab0 Thread added: 0x000001ee07aa3d80
Event: 21.861 Thread 0x000001eda2769ab0 Thread added: 0x000001edc097db90
Event: 21.861 Thread 0x000001eda2769ab0 Thread added: 0x000001edc097ef40
Event: 21.904 Thread 0x000001eda2769ab0 Thread added: 0x000001ee094aeec0
Event: 21.907 Thread 0x000001eda2769ab0 Thread added: 0x000001ee094aa000
Event: 21.955 Thread 0x000001eda2769ab0 Thread exited: 0x000001eda2769ab0
Event: 21.955 Thread 0x000001ee094aa690 Thread added: 0x000001ee094aa690


Dynamic libraries:
0x00007ff656c90000 - 0x00007ff656c9e000 	C:\Users\Shekhani Laptops\.jdks\openjdk-22.0.2\bin\java.exe
0x00007ffc18310000 - 0x00007ffc18508000 	C:\Windows\SYSTEM32\ntdll.dll
0x00007ffc18200000 - 0x00007ffc182c1000 	C:\Windows\System32\KERNEL32.DLL
0x00007ffc15f40000 - 0x00007ffc16236000 	C:\Windows\System32\KERNELBASE.dll
0x00007ffc15b20000 - 0x00007ffc15c20000 	C:\Windows\System32\ucrtbase.dll
0x00007ffc0c050000 - 0x00007ffc0c067000 	C:\Users\Shekhani Laptops\.jdks\openjdk-22.0.2\bin\jli.dll
0x00007ffc0c120000 - 0x00007ffc0c13b000 	C:\Users\Shekhani Laptops\.jdks\openjdk-22.0.2\bin\VCRUNTIME140.dll
0x00007ffc17aa0000 - 0x00007ffc17c3f000 	C:\Windows\System32\USER32.dll
0x00007ffbf9e10000 - 0x00007ffbfa0aa000 	C:\Windows\WinSxS\amd64_microsoft.windows.common-controls_6595b64144ccf1df_6.0.19041.4355_none_60b8b9eb71f62e16\COMCTL32.dll
0x00007ffc159c0000 - 0x00007ffc159e2000 	C:\Windows\System32\win32u.dll
0x00007ffc165a0000 - 0x00007ffc1663e000 	C:\Windows\System32\msvcrt.dll
0x00007ffc16710000 - 0x00007ffc1673b000 	C:\Windows\System32\GDI32.dll
0x00007ffc15c50000 - 0x00007ffc15d67000 	C:\Windows\System32\gdi32full.dll
0x00007ffc15a80000 - 0x00007ffc15b1d000 	C:\Windows\System32\msvcp_win.dll
0x00007ffc176f0000 - 0x00007ffc1771f000 	C:\Windows\System32\IMM32.DLL
0x00007ffc109f0000 - 0x00007ffc109fc000 	C:\Users\Shekhani Laptops\.jdks\openjdk-22.0.2\bin\vcruntime140_1.dll
0x00007ffbe9bd0000 - 0x00007ffbe9c5e000 	C:\Users\Shekhani Laptops\.jdks\openjdk-22.0.2\bin\msvcp140.dll
0x00007ffbc97b0000 - 0x00007ffbca4f9000 	C:\Users\Shekhani Laptops\.jdks\openjdk-22.0.2\bin\server\jvm.dll
0x00007ffc17d60000 - 0x00007ffc17e10000 	C:\Windows\System32\ADVAPI32.dll
0x00007ffc17810000 - 0x00007ffc178b0000 	C:\Windows\System32\sechost.dll
0x00007ffc17320000 - 0x00007ffc17443000 	C:\Windows\System32\RPCRT4.dll
0x00007ffc15c20000 - 0x00007ffc15c47000 	C:\Windows\System32\bcrypt.dll
0x00007ffc17680000 - 0x00007ffc176eb000 	C:\Windows\System32\WS2_32.dll
0x00007ffc15810000 - 0x00007ffc1585b000 	C:\Windows\SYSTEM32\POWRPROF.dll
0x00007ffc111d0000 - 0x00007ffc111f7000 	C:\Windows\SYSTEM32\WINMM.dll
0x00007ffc0b870000 - 0x00007ffc0b87a000 	C:\Windows\SYSTEM32\VERSION.dll
0x00007ffc157f0000 - 0x00007ffc15802000 	C:\Windows\SYSTEM32\UMPDC.dll
0x00007ffc13800000 - 0x00007ffc13812000 	C:\Windows\SYSTEM32\kernel.appcore.dll
0x00007ffc0fa40000 - 0x00007ffc0fa4a000 	C:\Users\Shekhani Laptops\.jdks\openjdk-22.0.2\bin\jimage.dll
0x00007ffc0e0f0000 - 0x00007ffc0e2d4000 	C:\Windows\SYSTEM32\DBGHELP.DLL
0x00007ffc0def0000 - 0x00007ffc0df24000 	C:\Windows\SYSTEM32\dbgcore.DLL
0x00007ffc159f0000 - 0x00007ffc15a72000 	C:\Windows\System32\bcryptPrimitives.dll
0x00007ffc0d040000 - 0x00007ffc0d07c000 	C:\Users\Shekhani Laptops\.jdks\openjdk-22.0.2\bin\jdwp.dll
0x00007ffc0fa30000 - 0x00007ffc0fa3f000 	C:\Users\Shekhani Laptops\.jdks\openjdk-22.0.2\bin\instrument.dll
0x00007ffc0b8e0000 - 0x00007ffc0b8fe000 	C:\Users\Shekhani Laptops\.jdks\openjdk-22.0.2\bin\java.dll
0x00007ffc16bb0000 - 0x00007ffc1731c000 	C:\Windows\System32\SHELL32.dll
0x00007ffc17970000 - 0x00007ffc17a9b000 	C:\Windows\System32\ole32.dll
0x00007ffc17ea0000 - 0x00007ffc181f3000 	C:\Windows\System32\combase.dll
0x00007ffbf5740000 - 0x00007ffbf5757000 	C:\Users\Shekhani Laptops\.jdks\openjdk-22.0.2\bin\zip.dll
0x00007ffc13a00000 - 0x00007ffc1419e000 	C:\Windows\SYSTEM32\windows.storage.dll
0x00007ffc15230000 - 0x00007ffc1525e000 	C:\Windows\SYSTEM32\Wldp.dll
0x00007ffc175b0000 - 0x00007ffc1767d000 	C:\Windows\System32\OLEAUT32.dll
0x00007ffc16340000 - 0x00007ffc163ed000 	C:\Windows\System32\SHCORE.dll
0x00007ffc178b0000 - 0x00007ffc17905000 	C:\Windows\System32\shlwapi.dll
0x00007ffc158f0000 - 0x00007ffc15914000 	C:\Windows\SYSTEM32\profapi.dll
0x00007ffbe4030000 - 0x00007ffbe4107000 	C:\Users\Shekhani Laptops\.jdks\openjdk-22.0.2\bin\jsvml.dll
0x00007ffc0e8b0000 - 0x00007ffc0e8bc000 	C:\Users\Shekhani Laptops\.jdks\openjdk-22.0.2\bin\dt_socket.dll
0x00007ffc14d10000 - 0x00007ffc14d4b000 	C:\Windows\SYSTEM32\IPHLPAPI.DLL
0x00007ffc15010000 - 0x00007ffc1507a000 	C:\Windows\system32\mswsock.dll
0x00007ffc0c110000 - 0x00007ffc0c120000 	C:\Users\Shekhani Laptops\.jdks\openjdk-22.0.2\bin\net.dll
0x00007ffc085d0000 - 0x00007ffc085e6000 	C:\Users\Shekhani Laptops\.jdks\openjdk-22.0.2\bin\nio.dll
0x00007ffc0eae0000 - 0x00007ffc0eaeb000 	C:\Users\Shekhani Laptops\.jdks\openjdk-22.0.2\bin\le.dll
0x00007ffc08590000 - 0x00007ffc0859e000 	C:\Users\Shekhani Laptops\.jdks\openjdk-22.0.2\bin\sunmscapi.dll
0x00007ffc15de0000 - 0x00007ffc15f3e000 	C:\Windows\System32\CRYPT32.dll
0x00007ffc152a0000 - 0x00007ffc152c9000 	C:\Windows\SYSTEM32\ncrypt.dll
0x00007ffc15260000 - 0x00007ffc1529b000 	C:\Windows\SYSTEM32\NTASN1.dll
0x00007ffc155a0000 - 0x00007ffc155b8000 	C:\Windows\SYSTEM32\CRYPTSP.dll
0x00007ffc14950000 - 0x00007ffc14984000 	C:\Windows\system32\rsaenh.dll
0x00007ffc158a0000 - 0x00007ffc158ce000 	C:\Windows\SYSTEM32\USERENV.dll
0x00007ffc151a0000 - 0x00007ffc151ac000 	C:\Windows\SYSTEM32\CRYPTBASE.dll
0x00007ffc177a0000 - 0x00007ffc177a8000 	C:\Windows\System32\NSI.dll
0x00007ffc0c030000 - 0x00007ffc0c03a000 	C:\Users\Shekhani Laptops\.jdks\openjdk-22.0.2\bin\management.dll
0x00007ffc08660000 - 0x00007ffc0866b000 	C:\Users\Shekhani Laptops\.jdks\openjdk-22.0.2\bin\management_ext.dll
0x00007ffc17790000 - 0x00007ffc17798000 	C:\Windows\System32\PSAPI.DLL
0x00007ffbfaae0000 - 0x00007ffbfaaf0000 	C:\Users\Shekhani Laptops\.jdks\openjdk-22.0.2\bin\verify.dll
0x00007ffc14d50000 - 0x00007ffc14e1a000 	C:\Windows\SYSTEM32\DNSAPI.dll
0x00007ffc097c0000 - 0x00007ffc097ca000 	C:\Windows\System32\rasadhlp.dll
0x00007ffc0a2e0000 - 0x00007ffc0a360000 	C:\Windows\System32\fwpuclnt.dll
0x00007ffc085c0000 - 0x00007ffc085c9000 	C:\Users\Shekhani Laptops\.jdks\openjdk-22.0.2\bin\extnet.dll
0x00007ffbec040000 - 0x00007ffbec047000 	C:\Windows\system32\wshunix.dll

dbghelp: loaded successfully - version: 4.0.5 - missing functions: none
symbol engine: initialized successfully - sym options: 0x614 - pdb path: .;C:\Users\Shekhani Laptops\.jdks\openjdk-22.0.2\bin;C:\Windows\SYSTEM32;C:\Windows\WinSxS\amd64_microsoft.windows.common-controls_6595b64144ccf1df_6.0.19041.4355_none_60b8b9eb71f62e16;C:\Users\Shekhani Laptops\.jdks\openjdk-22.0.2\bin\server

VM Arguments:
jvm_args: -agentlib:jdwp=transport=dt_socket,address=127.0.0.1:59232,suspend=y,server=n -javaagent:C:\Users\SHEKHA~1\AppData\Local\Temp\captureAgent7jars\debugger-agent.jar -Dfile.encoding=UTF-8 -Dsun.stdout.encoding=UTF-8 -Dsun.stderr.encoding=UTF-8 
java_command: com.JWTMYSQL.demo.DemoApplication
java_class_path (initial): E:\spring with sql\JWTMysal\target\classes;C:\Users\Shekhani Laptops\.m2\repository\org\springframework\boot\spring-boot-starter-data-jpa\3.3.2\spring-boot-starter-data-jpa-3.3.2.jar;C:\Users\Shekhani Laptops\.m2\repository\org\springframework\boot\spring-boot-starter-aop\3.3.2\spring-boot-starter-aop-3.3.2.jar;C:\Users\Shekhani Laptops\.m2\repository\org\springframework\spring-aop\6.1.11\spring-aop-6.1.11.jar;C:\Users\Shekhani Laptops\.m2\repository\org\aspectj\aspectjweaver\1.9.22.1\aspectjweaver-1.9.22.1.jar;C:\Users\Shekhani Laptops\.m2\repository\org\springframework\boot\spring-boot-starter-jdbc\3.3.2\spring-boot-starter-jdbc-3.3.2.jar;C:\Users\Shekhani Laptops\.m2\repository\com\zaxxer\HikariCP\5.1.0\HikariCP-5.1.0.jar;C:\Users\Shekhani Laptops\.m2\repository\org\springframework\spring-jdbc\6.1.11\spring-jdbc-6.1.11.jar;C:\Users\Shekhani Laptops\.m2\repository\org\hibernate\orm\hibernate-core\6.5.2.Final\hibernate-core-6.5.2.Final.jar;C:\Users\Shekhani Laptops\.m2\repository\jakarta\persistence\jakarta.persistence-api\3.1.0\jakarta.persistence-api-3.1.0.jar;C:\Users\Shekhani Laptops\.m2\repository\jakarta\transaction\jakarta.transaction-api\2.0.1\jakarta.transaction-api-2.0.1.jar;C:\Users\Shekhani Laptops\.m2\repository\org\jboss\logging\jboss-logging\3.5.3.Final\jboss-logging-3.5.3.Final.jar;C:\Users\Shekhani Laptops\.m2\repository\org\hibernate\common\hibernate-commons-annotations\6.0.6.Final\hibernate-commons-annotations-6.0.6.Final.jar;C:\Users\Shekhani Laptops\.m2\repository\io\smallrye\jandex\3.1.2\jandex-3.1.2.jar;C:\Users\Shekhani Laptops\.m2\repository\com\fasterxml\classmate\1.7.0\classmate-1.7.0.jar;C:\Users\Shekhani Laptops\.m2\repository\net\bytebuddy\byte-buddy\1.14.18\byte-buddy-1.14.18.jar;C:\Users\Shekhani Laptops\.m2\repository\org\glassfish\jaxb\jaxb-runtime\4.0.5\jaxb-runtime-4.0.5.jar;C:\Users\Shekhani Laptops\.m2\repository\org\glassfish\jaxb\jaxb-core\4.0.5\jaxb-core-4.0.5.jar;C:\Users\Shekhani Laptops\.m2\repository\org\eclipse\angus\angus-activation\2.0.2\angus-activation-2.0.2.jar;C:\Users\Shekhani Laptops\.m2\repository\org\glassfish\jaxb\txw2\4.0.5\txw2-4.0.5.jar;C:\Users\Shekhani Laptops\.m2\repository\com\sun\istack\istack-commons-runtime\4.1.2\istack-commons-runtime-4.1.2.jar;C:\Users\Shekhani Laptops\.m2\repository\jakarta\inject\jakarta.inject-api\2.0.1\jakarta.inject-api-2.0.1.jar;C:\Users\Shekhani Laptops\.m2\repository\org\antlr\antlr4-runtime\4.13.0\antlr4-runtime-4.13.0.jar;C:\Users\Shekhani Laptops\.m2\repository\org\springframework\data\spring-data-jpa\3.3.2\spring-data-jpa-3.3.2.jar;C:\Users\Shekhani Laptops\.m2\repository\org\springframework\data\spring-data-commons\3.3.2\spring-data-commons-3.3.2.jar;C:\Users\Shekhani Laptops\.m2\repository\org\springframework\spring-orm\6.1.11\spring-orm-6.1.11.jar;C:\Users\Shekhani Laptops\.m2\repository\org\springframework\spring-context\6.1.11\spring-context-6.1.11.jar;C:\Users\Shekhani Laptops\.m2\repository\org\springframework\spring-tx\6.1.11\spring-tx-6.1.11.jar;C:\Users\Shekhani Laptops\.m2\repository\org\springframework\spring-beans\6.1.11\spring-beans-6.1.11.jar;C:\Users\Shekhani Laptops\.m2\repository\jakarta\annotation\jakarta.annotation-api\2.1.1\jakarta.annotation-api-2.1.1.jar;C:\Users\Shekhani Laptops\.m2\repository\org\slf4j\slf4j-api\2.0.13\slf4j-api-2.0.13.jar;C:\Users\Shekhani Laptops\.m2\repository\org\springframework\spring-aspects\6.1.11\spring-aspects-6.1.11.jar;C:\Users\Shekhani Laptops\.m2\repository\org\springframework\boot\spring-boot-starter-web\3.3.2\spring-boot-starter-web-3.3.2.jar;C:\Users\Shekhani Laptops\.m2\repository\org\springframework\boot\spring-boot-starter\3.3.2\spring-boot-starter-3.3.2.jar;C:\Users\Shekhani Laptops\.m2\repository\org\springframework\boot\spring-boot\3.3.2\spring-boot-3.3.2.jar;C:\Users\Shekhani Laptops\.m2\repository\org\springframework\boot\spring-boot-autoconfigure\3.3.2\spring-boot-autoconfigure-3.3.2.jar;C:\Users\Shekhani Laptops\.m2\repository\org\springframework\boot\spring-boot-starter-logging\3.3.2\spring-boot-starter-logging-3.3.2.jar;C:\Users\Shekhani Laptops\.m2\repository\ch\qos\logback\logback-classic\1.5.6\logback-classic-1.5.6.jar;C:\Users\Shekhani Laptops\.m2\repository\ch\qos\logback\logback-core\1.5.6\logback-core-1.5.6.jar;C:\Users\Shekhani Laptops\.m2\repository\org\apache\logging\log4j\log4j-to-slf4j\2.23.1\log4j-to-slf4j-2.23.1.jar;C:\Users\Shekhani Laptops\.m2\repository\org\apache\logging\log4j\log4j-api\2.23.1\log4j-api-2.23.1.jar;C:\Users\Shekhani Laptops\.m2\repository\org\slf4j\jul-to-slf4j\2.0.13\jul-to-slf4j-2.0.13.jar;C:\Users\Shekhani Laptops\.m2\repository\org\yaml\snakeyaml\2.2\snakeyaml-2.2.jar;C:\Users\Shekhani Laptops\.m2\repository\org\springframework\boot\spring-boot-starter-json\3.3.2\spring-boot-starter-json-3.3.2.jar;C:\Users\Shekhani Laptops\.m2\repository\com\fasterxml\jackson\datatype\jackson-datatype-jdk8\2.17.2\jackson-datatype-jdk8-2.17.2.jar;C:\Users\Shekhani Laptops\.m2\repository\com\fasterxml\jackson\datatype\jackson-datatype-jsr310\2.17.2\jackson-datatype-jsr310-2.17.2.jar;C:\Users\Shekhani Laptops\.m2\repository\com\fasterxml\jackson\module\jackson-module-parameter-names\2.17.2\jackson-module-parameter-names-2.17.2.jar;C:\Users\Shekhani Laptops\.m2\repository\org\springframework\boot\spring-boot-starter-tomcat\3.3.2\spring-boot-starter-tomcat-3.3.2.jar;C:\Users\Shekhani Laptops\.m2\repository\org\apache\tomcat\embed\tomcat-embed-core\10.1.26\tomcat-embed-core-10.1.26.jar;C:\Users\Shekhani Laptops\.m2\repository\org\apache\tomcat\embed\tomcat-embed-el\10.1.26\tomcat-embed-el-10.1.26.jar;C:\Users\Shekhani Laptops\.m2\repository\org\apache\tomcat\embed\tomcat-embed-websocket\10.1.26\tomcat-embed-websocket-10.1.26.jar;C:\Users\Shekhani Laptops\.m2\repository\org\springframework\spring-web\6.1.11\spring-web-6.1.11.jar;C:\Users\Shekhani Laptops\.m2\repository\io\micrometer\micrometer-observation\1.13.2\micrometer-observation-1.13.2.jar;C:\Users\Shekhani Laptops\.m2\repository\io\micrometer\micrometer-commons\1.13.2\micrometer-commons-1.13.2.jar;C:\Users\Shekhani Laptops\.m2\repository\org\springframework\spring-webmvc\6.1.11\spring-webmvc-6.1.11.jar;C:\Users\Shekhani Laptops\.m2\repository\org\springframework\spring-expression\6.1.11\spring-expression-6.1.11.jar;C:\Users\Shekhani Laptops\.m2\repository\com\mysql\mysql-connector-j\8.3.0\mysql-connector-j-8.3.0.jar;C:\Users\Shekhani Laptops\.m2\repository\org\projectlombok\lombok\1.18.34\lombok-1.18.34.jar;C:\Users\Shekhani Laptops\.m2\repository\jakarta\xml\bind\jakarta.xml.bind-api\4.0.2\jakarta.xml.bind-api-4.0.2.jar;C:\Users\Shekhani Laptops\.m2\repository\jakarta\activation\jakarta.activation-api\2.1.3\jakarta.activation-api-2.1.3.jar;C:\Users\Shekhani Laptops\.m2\repository\org\springframework\spring-core\6.1.11\spring-core-6.1.11.jar;C:\Users\Shekhani Laptops\.m2\repository\org\springframework\spring-jcl\6.1.11\spring-jcl-6.1.11.jar;C:\Users\Shekhani Laptops\.m2\repository\io\jsonwebtoken\jjwt-api\0.11.2\jjwt-api-0.11.2.jar;C:\Users\Shekhani Laptops\.m2\repository\io\jsonwebtoken\jjwt-impl\0.11.2\jjwt-impl-0.11.2.jar;C:\Users\Shekhani Laptops\.m2\repository\io\jsonwebtoken\jjwt-jackson\0.11.2\jjwt-jackson-0.11.2.jar;C:\Users\Shekhani Laptops\.m2\repository\com\fasterxml\jackson\core\jackson-databind\2.17.2\jackson-databind-2.17.2.jar;C:\Users\Shekhani Laptops\.m2\repository\com\fasterxml\jackson\core\jackson-annotations\2.17.2\jackson-annotations-2.17.2.jar;C:\Users\Shekhani Laptops\.m2\repository\com\fasterxml\jackson\core\jackson-core\2.17.2\jackson-core-2.17.2.jar;C:\Users\Shekhani Laptops\.m2\repository\org\springframework\security\spring-security-crypto\6.1.3\spring-security-crypto-6.1.3.jar;C:\Program Files\lib\idea_rt.jar
Launcher Type: SUN_STANDARD

[Global flags]
     intx CICompilerCount                          = 3                                         {product} {ergonomic}
     uint ConcGCThreads                            = 1                                         {product} {ergonomic}
     uint G1ConcRefinementThreads                  = 4                                         {product} {ergonomic}
   size_t G1HeapRegionSize                         = 1048576                                   {product} {ergonomic}
   size_t InitialHeapSize                          = 130023424                                 {product} {ergonomic}
   size_t MarkStackSize                            = 4194304                                   {product} {ergonomic}
   size_t MaxHeapSize                              = 2078277632                                {product} {ergonomic}
   size_t MaxNewSize                               = 1246756864                                {product} {ergonomic}
   size_t MinHeapDeltaBytes                        = 1048576                                   {product} {ergonomic}
   size_t MinHeapSize                              = 8388608                                   {product} {ergonomic}
    uintx NonNMethodCodeHeapSize                   = 5832780                                {pd product} {ergonomic}
    uintx NonProfiledCodeHeapSize                  = 122912730                              {pd product} {ergonomic}
    uintx ProfiledCodeHeapSize                     = 122912730                              {pd product} {ergonomic}
    uintx ReservedCodeCacheSize                    = 251658240                              {pd product} {ergonomic}
     bool SegmentedCodeCache                       = true                                      {product} {ergonomic}
   size_t SoftMaxHeapSize                          = 2078277632                             {manageable} {ergonomic}
     bool UseCompressedOops                        = true                           {product lp64_product} {ergonomic}
     bool UseG1GC                                  = true                                      {product} {ergonomic}
     bool UseLargePagesIndividualAllocation        = false                                  {pd product} {ergonomic}

Logging:
Log output configuration:
 #0: stdout all=warning uptime,level,tags foldmultilines=false
 #1: stderr all=off uptime,level,tags foldmultilines=false

Environment Variables:
PATH=C:\Program Files\Common Files\Oracle\Java\javapath;C:\Program Files\Python311\Scripts\;C:\Program Files\Python311\;C:\Windows\system32;C:\Windows;C:\Windows\System32\Wbem;C:\Windows\System32\WindowsPowerShell\v1.0\;C:\Windows\System32\OpenSSH\;C:\Program Files\Microsoft SQL Server\150\Tools\Binn\;C:\Program Files\Microsoft SQL Server\Client SDK\ODBC\170\Tools\Binn\;C:\Program Files\dotnet\;C:\Program Files (x86)\Microsoft SQL Server\150\Tools\Binn\;C:\Program Files\Microsoft SQL Server\150\DTS\Binn\;C:\Program Files (x86)\Microsoft SQL Server\150\DTS\Binn\;C:\Program Files\Azure Data Studio\bin;C:\Program Files\nodejs\;C:\Users\Shekhani Laptops\AppData\Local\Android\Sdk\platform-tools;C:\Users\Shekhani Laptops\AppData\Local\Android\Sdk\platforms;C:\Users\Shekhani Laptops\AppData\Local\Android\Sdk;C:\Users\Shekhani Laptops\AppData\Local\Android\Sdk\emulator;C:\Users\Shekhani Laptops\AppData\Roaming\npm;C:\Program Files (x86)\Windows Kits\10\Windows Performance Toolkit\;C:\Program Files\MySQL\MySQL Server 8.0\bin;C:\Program Files\Git\cmd;C:\Program Files\MySQL\MySQL Shell 8.0\bin\;C:\Users\Shekhani Laptops\AppData\Local\Android\Sdk\tools;C:\Users\Shekhani Laptops\AppData\Local\Microsoft\WindowsApps;C:\Users\Shekhani Laptops\.dotnet\tools;C:\Program Files\JetBrains\PyCharm Community Edition 2022.2.3\bin;;C:\Program Files\Azure Data Studio\bin;C:\Users\Shekhani Laptops\AppData\Roaming\npm;C:\Users\Shekhani Laptops\AppData\Local\Android\Sdk;C:\Users\Shekhani Laptops\AppData\Local\Android\Sdk\platforms;C:\Users\Shekhani Laptops\AppData\Local\Android\Sdk\platform-tools;C:\Users\Shekhani Laptops\AppData\Local\Android\Sdk\emulator;C:\Users\Shekhani Laptops\AppData\Local\Programs\Microsoft VS Code\bin;
USERNAME=Shekhani Laptops
OS=Windows_NT
PROCESSOR_IDENTIFIER=Intel64 Family 6 Model 61 Stepping 4, GenuineIntel
TMP=C:\Users\SHEKHA~1\AppData\Local\Temp
TEMP=C:\Users\SHEKHA~1\AppData\Local\Temp




Periodic native trim disabled

---------------  S Y S T E M  ---------------

OS:
 Windows 10 , 64 bit Build 19041 (10.0.19041.4597)
OS uptime: 26 days 12:10 hours
Hyper-V role detected

CPU: total 4 (initial active 4) (2 cores per cpu, 2 threads per core) family 6 model 61 stepping 4 microcode 0x2d, cx8, cmov, fxsr, ht, mmx, 3dnowpref, sse, sse2, sse3, ssse3, sse4.1, sse4.2, popcnt, lzcnt, tsc, tscinvbit, avx, avx2, aes, erms, clmul, bmi1, bmi2, adx, fma, vzeroupper, clflush, hv, rdtscp, f16c
Processor Information for all 4 processors :
  Max Mhz: 2195, Current Mhz: 2195, Mhz Limit: 2195

Memory: 4k page, system-wide physical 7926M (234M free)
TotalPageFile size 25935M (AvailPageFile size 5M)
current process WorkingSet (physical memory assigned to process): 242M, peak: 247M
current process commit charge ("private bytes"): 278M, peak: 280M

vm_info: OpenJDK 64-Bit Server VM (22.0.2+9-70) for windows-amd64 JRE (22.0.2+9-70), built on 2024-06-04T16:52:23Z by "mach5one" with MS VC++ 17.6 (VS2022)

END.
